\BOOKMARK [0][-]{chapter*.4}{Introducci\363n}{}% 1
\BOOKMARK [1][-]{section*.5}{Objetivo}{chapter*.4}% 2
\BOOKMARK [-1][-]{part.1}{I FUNDAMENTO TE\323RICO}{}% 3
\BOOKMARK [0][-]{chapter*.6}{Retracci\363n conservativa}{part.1}% 4
\BOOKMARK [1][-]{section*.7}{Retracci\363n de teor\355as l\363gicas}{chapter*.6}% 5
\BOOKMARK [1][-]{section*.10}{Retracci\363n conservativa en l\363gica proposicional}{chapter*.6}% 6
\BOOKMARK [2][-]{section*.11}{L\363gica proposicional y el anillo F2[x]}{section*.10}% 7
\BOOKMARK [0][-]{chapter*.12}{An\341lisis formal de conceptos}{part.1}% 8
\BOOKMARK [1][-]{section*.13}{Contextos y conceptos formales}{chapter*.12}% 9
\BOOKMARK [1][-]{section*.15}{Ret\355culo de conceptos}{chapter*.12}% 10
\BOOKMARK [1][-]{section*.17}{Implicaci\363n de atributos}{chapter*.12}% 11
\BOOKMARK [1][-]{section*.18}{Retracci\363n aplicada a FCA}{chapter*.12}% 12
\BOOKMARK [-1][-]{part.2}{II DISE\321O, IMPLEMENTACI\323N Y PRUEBAS}{}% 13
\BOOKMARK [0][-]{chapter*.19}{Dise\361o e implementaci\363n}{part.2}% 14
\BOOKMARK [1][-]{section*.20}{Elecci\363n del lenguaje de programaci\363n}{chapter*.19}% 15
\BOOKMARK [1][-]{section*.21}{Framework de programaci\363n l\363gica}{chapter*.19}% 16
\BOOKMARK [2][-]{section*.22}{Proposiciones}{section*.21}% 17
\BOOKMARK [2][-]{section*.23}{Formas normales y cl\341usulas}{section*.21}% 18
\BOOKMARK [2][-]{section*.24}{Razonamiento}{section*.21}% 19
\BOOKMARK [1][-]{section*.25}{Algoritmo retractor}{chapter*.19}% 20
\BOOKMARK [2][-]{section*.26}{Retracci\363n basada en polinomios}{section*.25}% 21
\BOOKMARK [2][-]{section*.27}{Retractor de implicaciones}{section*.25}% 22
\BOOKMARK [2][-]{section*.28}{Optimizaciones sobre el algoritmo}{section*.25}% 23
\BOOKMARK [1][-]{section*.29}{Programa ejecutable}{chapter*.19}% 24
\BOOKMARK [0][-]{chapter*.30}{Pruebas y resultados}{part.2}% 25
\BOOKMARK [1][-]{section*.31}{Resultados generales}{chapter*.30}% 26
\BOOKMARK [1][-]{section*.34}{An\341lisis por iteraci\363n}{chapter*.30}% 27
\BOOKMARK [1][-]{section*.41}{Comparaci\363n entre generaci\363n y retracci\363n}{chapter*.30}% 28
\BOOKMARK [-1][-]{part.3}{III Conclusiones}{}% 29
\BOOKMARK [0][-]{chapter*.43}{Conclusiones, limitaciones y trabajo futuro}{part.3}% 30
\BOOKMARK [-1][-]{part.4}{IV Bibliograf\355a}{}% 31
\BOOKMARK [0][-]{section*.44}{Bibliograf\355a}{part.4}% 32
